C51 COMPILER V9.51   MAIN                                                                  07/29/2018 23:26:49 PAGE 1   


C51 COMPILER V9.51, COMPILATION OF MODULE MAIN
OBJECT MODULE PLACED IN main.OBJ
COMPILER INVOKED BY: F:\Keil\C51\BIN\C51.EXE main.c BROWSE DEBUG OBJECTEXTEND

line level    source

   1          #include "support.h"
   2          #include "serial.h"
   3          #include "servo.h"
   4          
   5          #define FOCS 11059200L
   6          #define BAUD 9600
   7          #define TM   (65536 - FOCS/BAUD/4)
   8          
   9          sbit sLED = P3^3;
  10          sbit echo = P1^0;
  11          sbit trig = P1^1;
  12          /*
  13                  待补充：舵机引脚
  14          */
  15          
  16          uint16 distance;
  17          uint8 recv_buff;
  18          
  19          
  20          void init() {
  21   1              // 舵机
  22   1              P4M1 = 0x00, P4M0 = 0xff;
  23   1              P4 = 0;
  24   1      
  25   1              // LED光效
  26   1              P0M1 = 0x00, P0M0 = 0xff;       // 8段可亮
  27   1              P2M1 = 0x00, P2M0 = 0x08;       // 8个数码管全可亮
  28   1              sLED = 1;
  29   1              P0 = 0;
  30   1              
  31   1              // 超声波――定时器0
  32   1              TMOD = 0x01;
  33   1              TH0 = 0;
  34   1              TL0 = 0;
  35   1              
  36   1              // 串口通信――定时器1
  37   1              SCON |= 0x50;
  38   1              TH1 = TM >> 8;
  39   1              TL1 = TM;
  40   1              AUXR = 0x40;
  41   1              TI = RI = 0;
  42   1              TR1 = 1;
  43   1              ES = 1;
  44   1              EA = 1;
  45   1      }
  46          
  47          void getDistance() {
  48   1              TR1 = 0;
  49   1              trig = 1;
  50   1              Delay25us();
  51   1              trig = 0;
  52   1              TH0 = TL0 = 0;
  53   1              while (!echo);
  54   1              TR0 = 1;
  55   1              while (echo);
C51 COMPILER V9.51   MAIN                                                                  07/29/2018 23:26:49 PAGE 2   

  56   1              TR0 = 0;
  57   1              distance = (TH0 * 256 + TL0) * 0.172;
  58   1              if (distance > 4000) distance = 4000;
  59   1              TR1 = 1;
  60   1      }
  61          
  62          void Uart1() interrupt 4 using 1 {
  63   1              if (RI) {
  64   2                      recv_buff = SBUF;
  65   2                      RI = 0;
  66   2              }
  67   1              if (TI) {
  68   2                      busy = 0;
  69   2                      TI = 0;
  70   2              }
  71   1      }
  72          
  73          void main() {
  74   1              init();
  75   1              while (1) {
  76   2                      getDistance();
  77   2                      Duang();
  78   2                      send_data(0x11, distance);
  79   2                      step();
  80   2              }
  81   1      }


MODULE INFORMATION:   STATIC OVERLAYABLE
   CODE SIZE        =    372    ----
   CONSTANT SIZE    =     18    ----
   XDATA SIZE       =   ----    ----
   PDATA SIZE       =   ----    ----
   DATA SIZE        =      3       7
   IDATA SIZE       =   ----    ----
   BIT SIZE         =      1    ----
END OF MODULE INFORMATION.


C51 COMPILATION COMPLETE.  0 WARNING(S),  0 ERROR(S)
