C51 COMPILER V9.51   MAIN                                                                  09/05/2018 20:08:01 PAGE 1   


C51 COMPILER V9.51, COMPILATION OF MODULE MAIN
OBJECT MODULE PLACED IN main.OBJ
COMPILER INVOKED BY: F:\Keil\C51\BIN\C51.EXE main.c BROWSE DEBUG OBJECTEXTEND

line level    source

   1          #include "support.h"
   2          #include "store.h"
   3          #include "servo.h"
   4          #include "serial.h"
   5          
   6          
   7          #define FOCS 11059200L
   8          #define BAUD 9600
   9          #define TM   (65536 - FOCS/BAUD/4)
  10          
  11          
  12          sbit sLED = P3^3;
  13          sbit echo = P1^0;
  14          sbit trig = P1^1;
  15          
  16          
  17          uint16 distance;
  18          uint8 recv_buff;
  19          
  20          
  21          void setup() {
  22   1              // 步进电机
  23   1              P4M1 = 0x00, P4M0 = 0xff;
  24   1              P4 = 0;
  25   1      
  26   1              // LED光效
  27   1              P0M1 = 0x00, P0M0 = 0xff;       // 8段可亮
  28   1              P2M1 = 0x00, P2M0 = 0x08;
  29   1              sLED = 1;
  30   1              P0 = 0;
  31   1              
  32   1              // 超声波――定时器0
  33   1              TMOD = 0x01;
  34   1              TH0 = 0;
  35   1              TL0 = 0;
  36   1              
  37   1              // 串口通信――定时器1
  38   1              SCON |= 0x50;
  39   1              TH1 = TM >> 8;
  40   1              TL1 = TM;
  41   1              AUXR = 0x40;
  42   1              TI = RI = 0;
  43   1              TR1 = 1;
  44   1              ES = 1;
  45   1              EA = 1;
  46   1              
  47   1              store_init();   // 存储设备的初始化
  48   1      }
  49          
  50          // 测距函数
  51          void getDistance() {
  52   1              TR1 = 0;
  53   1              trig = 1;
  54   1              Delay25us();
  55   1              trig = 0;
C51 COMPILER V9.51   MAIN                                                                  09/05/2018 20:08:01 PAGE 2   

  56   1              TH0 = TL0 = 0;
  57   1              while (!echo);
  58   1              TR0 = 1;
  59   1              while (echo);
  60   1              TR0 = 0;
  61   1              distance = (TH0 * 256 + TL0) * 0.172;
  62   1              if (distance > 4000) distance = 4000;
  63   1              TR1 = 1;
  64   1      }
  65          
  66          // 由于步进电机无法自动调整角度，
  67          // 需要手动调整初始角度
  68          
  69          sbit KEY1 = P3^2;       // 确认键
  70          sbit KEY2 = P3^3;       // 控制逆时针旋转
  71          sbit KEY3 = P1^7;       // 控制顺时针旋转
  72          
  73          void adjust() {
  74   1              while (1) {
  75   2                      if (!KEY1) {    // 调整结束
  76   3                              Duang();
  77   3                              break;
  78   3                      }
  79   2                      else if (!KEY2) {       // 逆时针旋转
  80   3                              step(clockwise);
  81   3                      }
  82   2                      else if (!KEY3) {       // 顺时针旋转
  83   3                              step(anticlockwise);
  84   3                      }
  85   2              }
  86   1      }
  87          
  88          // 主功能循环
  89          void loop() {
  90   1              uint8 i;
  91   1              while (1) {
  92   2                      // 验证上位机状态
  93   2                      while (SBUF != ALIVE);
  94   2                      
  95   2                      while (i < direction) {
  96   3                              getDistance();
  97   3                              Duang();
  98   3                              send_data(distance);
  99   3                              
 100   3                              write_addr(i<<1, distance >> 8);
 101   3                              write_addr((i<<1)+1, distance & 0xff);
 102   3                              ++i;
 103   3      
 104   3                              step(anticlockwise);
 105   3                      }
 106   2                      
 107   2                      while (i) {
 108   3                              getDistance();
 109   3                              Duang();
 110   3                              send_data(distance);
 111   3                              
 112   3                              write_addr(i<<1, distance >> 8);
 113   3                              write_addr((i<<1)+1, distance & 0xff);
 114   3                              --i;
 115   3      
 116   3                              step(clockwise);
 117   3                      }
C51 COMPILER V9.51   MAIN                                                                  09/05/2018 20:08:01 PAGE 3   

 118   2              }
 119   1      }
 120          
 121          void main() {
 122   1              setup();
 123   1              adjust();
 124   1              loop();
 125   1      }
 126          
 127          void Uart1() interrupt 4 using 1 {
 128   1              if (RI) {
 129   2                      recv_buff = SBUF;
 130   2                      RI = 0;
 131   2              }
 132   1              if (TI) {
 133   2                      busy = 0;
 134   2                      TI = 0;
 135   2              }
 136   1      }


MODULE INFORMATION:   STATIC OVERLAYABLE
   CODE SIZE        =    794    ----
   CONSTANT SIZE    =     18    ----
   XDATA SIZE       =   ----    ----
   PDATA SIZE       =   ----    ----
   DATA SIZE        =      6       9
   IDATA SIZE       =   ----    ----
   BIT SIZE         =      1       1
END OF MODULE INFORMATION.


C51 COMPILATION COMPLETE.  0 WARNING(S),  0 ERROR(S)
